c:\users\jzenk\documents\visual studio 2015\projects\maths\maths\debug\maths.pch
c:\users\jzenk\documents\visual studio 2015\projects\maths\maths\debug\vc140.pdb
c:\users\jzenk\documents\visual studio 2015\projects\maths\maths\debug\vc140.idb
c:\users\jzenk\documents\visual studio 2015\projects\maths\maths\debug\stdafx.obj
c:\users\jzenk\documents\visual studio 2015\projects\maths\maths\debug\main.obj
c:\users\jzenk\documents\visual studio 2015\projects\maths\maths\debug\maths.obj
c:\users\jzenk\documents\visual studio 2015\projects\maths\maths\debug\double.obj
c:\users\jzenk\documents\visual studio 2015\projects\maths\debug\maths.ilk
c:\users\jzenk\documents\visual studio 2015\projects\maths\debug\maths.exe
c:\users\jzenk\documents\visual studio 2015\projects\maths\debug\maths.pdb
c:\users\jzenk\documents\visual studio 2015\projects\maths\maths\debug\maths.tlog\cl.command.1.tlog
c:\users\jzenk\documents\visual studio 2015\projects\maths\maths\debug\maths.tlog\cl.read.1.tlog
c:\users\jzenk\documents\visual studio 2015\projects\maths\maths\debug\maths.tlog\cl.write.1.tlog
c:\users\jzenk\documents\visual studio 2015\projects\maths\maths\debug\maths.tlog\link-cvtres.read.1.tlog
c:\users\jzenk\documents\visual studio 2015\projects\maths\maths\debug\maths.tlog\link-cvtres.write.1.tlog
c:\users\jzenk\documents\visual studio 2015\projects\maths\maths\debug\maths.tlog\link-rc.read.1.tlog
c:\users\jzenk\documents\visual studio 2015\projects\maths\maths\debug\maths.tlog\link-rc.write.1.tlog
c:\users\jzenk\documents\visual studio 2015\projects\maths\maths\debug\maths.tlog\link.8808-cvtres.read.1.tlog
c:\users\jzenk\documents\visual studio 2015\projects\maths\maths\debug\maths.tlog\link.8808-cvtres.write.1.tlog
c:\users\jzenk\documents\visual studio 2015\projects\maths\maths\debug\maths.tlog\link.8808-rc.read.1.tlog
c:\users\jzenk\documents\visual studio 2015\projects\maths\maths\debug\maths.tlog\link.8808-rc.write.1.tlog
c:\users\jzenk\documents\visual studio 2015\projects\maths\maths\debug\maths.tlog\link.8808.read.1.tlog
c:\users\jzenk\documents\visual studio 2015\projects\maths\maths\debug\maths.tlog\link.8808.write.1.tlog
c:\users\jzenk\documents\visual studio 2015\projects\maths\maths\debug\maths.tlog\link.command.1.tlog
c:\users\jzenk\documents\visual studio 2015\projects\maths\maths\debug\maths.tlog\link.read.1.tlog
c:\users\jzenk\documents\visual studio 2015\projects\maths\maths\debug\maths.tlog\link.write.1.tlog
